2024-11-17T18:00:53.737+07:00  INFO 18416 --- [bhpt] [restartedMain] com.shop.bhpt.BhptApplication            : Starting BhptApplication using Java 21.0.4 with PID 18416 (D:\A.N4K1\JAVA(WWW)\DOAN\ShopBHPT\target\classes started by admin in D:\A.N4K1\JAVA(WWW)\DOAN\ShopBHPT)
2024-11-17T18:00:53.748+07:00 DEBUG 18416 --- [bhpt] [restartedMain] com.shop.bhpt.BhptApplication            : Running with Spring Boot v3.3.5, Spring v6.1.14
2024-11-17T18:00:53.749+07:00  INFO 18416 --- [bhpt] [restartedMain] com.shop.bhpt.BhptApplication            : No active profile set, falling back to 1 default profile: "default"
2024-11-17T18:00:53.814+07:00  INFO 18416 --- [bhpt] [restartedMain] .e.DevToolsPropertyDefaultsPostProcessor : Devtools property defaults active! Set 'spring.devtools.add-properties' to 'false' to disable
2024-11-17T18:00:53.815+07:00  INFO 18416 --- [bhpt] [restartedMain] .e.DevToolsPropertyDefaultsPostProcessor : For additional web related logging consider setting the 'logging.level.web' property to 'DEBUG'
2024-11-17T18:00:54.567+07:00  INFO 18416 --- [bhpt] [restartedMain] .s.d.r.c.RepositoryConfigurationDelegate : Bootstrapping Spring Data JPA repositories in DEFAULT mode.
2024-11-17T18:00:54.624+07:00  INFO 18416 --- [bhpt] [restartedMain] .s.d.r.c.RepositoryConfigurationDelegate : Finished Spring Data repository scanning in 51 ms. Found 3 JPA repository interfaces.
2024-11-17T18:00:55.087+07:00  INFO 18416 --- [bhpt] [restartedMain] o.s.b.w.embedded.tomcat.TomcatWebServer  : Tomcat initialized with port 9998 (http)
2024-11-17T18:00:55.100+07:00  INFO 18416 --- [bhpt] [restartedMain] o.apache.catalina.core.StandardService   : Starting service [Tomcat]
2024-11-17T18:00:55.100+07:00  INFO 18416 --- [bhpt] [restartedMain] o.apache.catalina.core.StandardEngine    : Starting Servlet engine: [Apache Tomcat/10.1.31]
2024-11-17T18:00:55.145+07:00  INFO 18416 --- [bhpt] [restartedMain] o.a.c.c.C.[Tomcat].[localhost].[/]       : Initializing Spring embedded WebApplicationContext
2024-11-17T18:00:55.146+07:00  INFO 18416 --- [bhpt] [restartedMain] w.s.c.ServletWebServerApplicationContext : Root WebApplicationContext: initialization completed in 1331 ms
2024-11-17T18:00:55.606+07:00  INFO 18416 --- [bhpt] [restartedMain] o.s.o.j.p.SpringPersistenceUnitInfo      : No LoadTimeWeaver setup: ignoring JPA class transformer
2024-11-17T18:00:55.635+07:00  INFO 18416 --- [bhpt] [restartedMain] com.zaxxer.hikari.HikariDataSource       : HikariPool-1 - Starting...
2024-11-17T18:00:57.054+07:00  INFO 18416 --- [bhpt] [restartedMain] com.zaxxer.hikari.pool.HikariPool        : HikariPool-1 - Added connection com.mysql.cj.jdbc.ConnectionImpl@216d1be7
2024-11-17T18:00:57.056+07:00  INFO 18416 --- [bhpt] [restartedMain] com.zaxxer.hikari.HikariDataSource       : HikariPool-1 - Start completed.
2024-11-17T18:01:00.247+07:00  INFO 18416 --- [bhpt] [restartedMain] j.LocalContainerEntityManagerFactoryBean : Initialized JPA EntityManagerFactory for persistence unit 'default'
2024-11-17T18:01:00.468+07:00  INFO 18416 --- [bhpt] [restartedMain] o.s.d.j.r.query.QueryEnhancerFactory     : Hibernate is in classpath; If applicable, HQL parser will be used.
2024-11-17T18:01:01.167+07:00  WARN 18416 --- [bhpt] [restartedMain] JpaBaseConfiguration$JpaWebConfiguration : spring.jpa.open-in-view is enabled by default. Therefore, database queries may be performed during view rendering. Explicitly configure spring.jpa.open-in-view to disable this warning
2024-11-17T18:01:01.378+07:00 DEBUG 18416 --- [bhpt] [restartedMain] s.w.s.m.m.a.RequestMappingHandlerMapping : 16 mappings in 'requestMappingHandlerMapping'
2024-11-17T18:01:01.460+07:00 DEBUG 18416 --- [bhpt] [restartedMain] o.s.w.s.handler.SimpleUrlHandlerMapping  : Patterns [/webjars/**, /**, /swagger-ui*/*swagger-initializer.js, /swagger-ui*/**, /explorer/**] in 'resourceHandlerMapping'
2024-11-17T18:01:01.492+07:00 DEBUG 18416 --- [bhpt] [restartedMain] s.w.s.m.m.a.RequestMappingHandlerAdapter : ControllerAdvice beans: 0 @ModelAttribute, 0 @InitBinder, 1 RequestBodyAdvice, 1 ResponseBodyAdvice
2024-11-17T18:01:01.526+07:00 DEBUG 18416 --- [bhpt] [restartedMain] .m.m.a.ExceptionHandlerExceptionResolver : ControllerAdvice beans: 2 @ExceptionHandler, 1 ResponseBodyAdvice
2024-11-17T18:01:01.556+07:00 DEBUG 18416 --- [bhpt] [restartedMain] .m.m.a.ExceptionHandlerExceptionResolver : ControllerAdvice beans: 2 @ExceptionHandler, 0 ResponseBodyAdvice
2024-11-17T18:01:02.013+07:00  INFO 18416 --- [bhpt] [restartedMain] o.s.b.d.a.OptionalLiveReloadServer       : LiveReload server is running on port 35729
2024-11-17T18:01:02.075+07:00  INFO 18416 --- [bhpt] [restartedMain] o.s.b.w.embedded.tomcat.TomcatWebServer  : Tomcat started on port 9998 (http) with context path '/'
2024-11-17T18:01:02.089+07:00  INFO 18416 --- [bhpt] [restartedMain] com.shop.bhpt.BhptApplication            : Started BhptApplication in 8.699 seconds (process running for 9.644)
2024-11-17T18:01:30.475+07:00  INFO 18416 --- [bhpt] [http-nio-9998-exec-2] o.a.c.c.C.[Tomcat].[localhost].[/]       : Initializing Spring DispatcherServlet 'dispatcherServlet'
2024-11-17T18:01:30.476+07:00  INFO 18416 --- [bhpt] [http-nio-9998-exec-2] o.s.web.servlet.DispatcherServlet        : Initializing Servlet 'dispatcherServlet'
2024-11-17T18:01:30.478+07:00 DEBUG 18416 --- [bhpt] [http-nio-9998-exec-2] o.s.web.servlet.DispatcherServlet        : Detected StandardServletMultipartResolver
2024-11-17T18:01:30.480+07:00 DEBUG 18416 --- [bhpt] [http-nio-9998-exec-2] o.s.web.servlet.DispatcherServlet        : Detected AcceptHeaderLocaleResolver
2024-11-17T18:01:30.483+07:00 DEBUG 18416 --- [bhpt] [http-nio-9998-exec-2] o.s.web.servlet.DispatcherServlet        : Detected FixedThemeResolver
2024-11-17T18:01:30.496+07:00 DEBUG 18416 --- [bhpt] [http-nio-9998-exec-2] o.s.web.servlet.DispatcherServlet        : Detected org.springframework.web.servlet.view.DefaultRequestToViewNameTranslator@1e811bd5
2024-11-17T18:01:30.502+07:00 DEBUG 18416 --- [bhpt] [http-nio-9998-exec-2] o.s.web.servlet.DispatcherServlet        : Detected org.springframework.web.servlet.support.SessionFlashMapManager@53b2a9ad
2024-11-17T18:01:30.503+07:00 DEBUG 18416 --- [bhpt] [http-nio-9998-exec-2] o.s.web.servlet.DispatcherServlet        : enableLoggingRequestDetails='false': request parameters and headers will be masked to prevent unsafe logging of potentially sensitive data
2024-11-17T18:01:30.504+07:00  INFO 18416 --- [bhpt] [http-nio-9998-exec-2] o.s.web.servlet.DispatcherServlet        : Completed initialization in 27 ms
2024-11-17T18:01:30.531+07:00 DEBUG 18416 --- [bhpt] [http-nio-9998-exec-2] o.s.web.servlet.DispatcherServlet        : GET "/api/shop/all", parameters={}
2024-11-17T18:01:30.583+07:00 DEBUG 18416 --- [bhpt] [http-nio-9998-exec-2] s.w.s.m.m.a.RequestMappingHandlerMapping : Mapped to com.shop.bhpt.controllers.ShopController#getAllCategories()
2024-11-17T18:01:31.365+07:00 DEBUG 18416 --- [bhpt] [http-nio-9998-exec-2] org.hibernate.SQL                        : 
    select
        c1_0.id,
        c1_0.name 
    from
        categories c1_0
2024-11-17T18:01:31.541+07:00 DEBUG 18416 --- [bhpt] [http-nio-9998-exec-2] org.hibernate.SQL                        : 
    select
        s1_0.category_id,
        s1_0.id,
        s1_0.img,
        s1_0.name 
    from
        subcategories s1_0 
    where
        s1_0.category_id=?
2024-11-17T18:01:31.653+07:00 DEBUG 18416 --- [bhpt] [http-nio-9998-exec-2] org.hibernate.SQL                        : 
    select
        s1_0.category_id,
        s1_0.id,
        s1_0.img,
        s1_0.name 
    from
        subcategories s1_0 
    where
        s1_0.category_id=?
2024-11-17T18:01:31.756+07:00 DEBUG 18416 --- [bhpt] [http-nio-9998-exec-2] org.hibernate.SQL                        : 
    select
        s1_0.category_id,
        s1_0.id,
        s1_0.img,
        s1_0.name 
    from
        subcategories s1_0 
    where
        s1_0.category_id=?
2024-11-17T18:01:31.856+07:00 DEBUG 18416 --- [bhpt] [http-nio-9998-exec-2] org.hibernate.SQL                        : 
    select
        s1_0.category_id,
        s1_0.id,
        s1_0.img,
        s1_0.name 
    from
        subcategories s1_0 
    where
        s1_0.category_id=?
2024-11-17T18:01:31.960+07:00 DEBUG 18416 --- [bhpt] [http-nio-9998-exec-2] org.hibernate.SQL                        : 
    select
        s1_0.category_id,
        s1_0.id,
        s1_0.img,
        s1_0.name 
    from
        subcategories s1_0 
    where
        s1_0.category_id=?
2024-11-17T18:01:32.064+07:00 DEBUG 18416 --- [bhpt] [http-nio-9998-exec-2] org.hibernate.SQL                        : 
    select
        s1_0.category_id,
        s1_0.id,
        s1_0.img,
        s1_0.name 
    from
        subcategories s1_0 
    where
        s1_0.category_id=?
2024-11-17T18:01:32.492+07:00 DEBUG 18416 --- [bhpt] [http-nio-9998-exec-2] m.m.a.RequestResponseBodyMethodProcessor : Using 'application/json', given [*/*] and supported [application/json, application/*+json]
2024-11-17T18:01:32.495+07:00 DEBUG 18416 --- [bhpt] [http-nio-9998-exec-2] m.m.a.RequestResponseBodyMethodProcessor : Writing [[com.shop.bhpt.dto.CategoryDTO@54fea102, com.shop.bhpt.dto.CategoryDTO@7aee02af, com.shop.bhpt.dto.C (truncated)...]
2024-11-17T18:01:32.694+07:00 DEBUG 18416 --- [bhpt] [http-nio-9998-exec-2] o.s.web.servlet.DispatcherServlet        : Completed 200 OK
2024-11-17T18:01:43.681+07:00  INFO 18416 --- [bhpt] [File Watcher] rtingClassPathChangeChangedEventListener : Restarting due to 35 class path changes (0 additions, 35 deletions, 0 modifications)
2024-11-17T18:01:43.720+07:00  INFO 18416 --- [bhpt] [Thread-5] j.LocalContainerEntityManagerFactoryBean : Closing JPA EntityManagerFactory for persistence unit 'default'
2024-11-17T18:01:43.732+07:00  INFO 18416 --- [bhpt] [Thread-5] com.zaxxer.hikari.HikariDataSource       : HikariPool-1 - Shutdown initiated...
2024-11-17T18:01:44.682+07:00  INFO 18416 --- [bhpt] [Thread-5] com.zaxxer.hikari.HikariDataSource       : HikariPool-1 - Shutdown completed.
2024-11-17T18:01:55.467+07:00  INFO 18416 --- [bhpt] [restartedMain] com.shop.bhpt.BhptApplication            : Starting BhptApplication using Java 21.0.4 with PID 18416 (D:\A.N4K1\JAVA(WWW)\DOAN\ShopBHPT\target\classes started by admin in D:\A.N4K1\JAVA(WWW)\DOAN\ShopBHPT)
2024-11-17T18:01:55.468+07:00 DEBUG 18416 --- [bhpt] [restartedMain] com.shop.bhpt.BhptApplication            : Running with Spring Boot v3.3.5, Spring v6.1.14
2024-11-17T18:01:55.468+07:00  INFO 18416 --- [bhpt] [restartedMain] com.shop.bhpt.BhptApplication            : No active profile set, falling back to 1 default profile: "default"
2024-11-17T18:01:56.809+07:00  INFO 18416 --- [bhpt] [restartedMain] .s.d.r.c.RepositoryConfigurationDelegate : Bootstrapping Spring Data JPA repositories in DEFAULT mode.
2024-11-17T18:01:56.874+07:00  INFO 18416 --- [bhpt] [restartedMain] .s.d.r.c.RepositoryConfigurationDelegate : Finished Spring Data repository scanning in 63 ms. Found 3 JPA repository interfaces.
2024-11-17T18:01:57.244+07:00  INFO 18416 --- [bhpt] [restartedMain] o.s.b.w.embedded.tomcat.TomcatWebServer  : Tomcat initialized with port 9998 (http)
2024-11-17T18:01:57.246+07:00  INFO 18416 --- [bhpt] [restartedMain] o.apache.catalina.core.StandardService   : Starting service [Tomcat]
2024-11-17T18:01:57.246+07:00  INFO 18416 --- [bhpt] [restartedMain] o.apache.catalina.core.StandardEngine    : Starting Servlet engine: [Apache Tomcat/10.1.31]
2024-11-17T18:01:57.288+07:00  INFO 18416 --- [bhpt] [restartedMain] o.a.c.c.C.[Tomcat-2].[localhost].[/]     : Initializing Spring embedded WebApplicationContext
2024-11-17T18:01:57.288+07:00  INFO 18416 --- [bhpt] [restartedMain] w.s.c.ServletWebServerApplicationContext : Root WebApplicationContext: initialization completed in 1813 ms
2024-11-17T18:01:57.408+07:00  INFO 18416 --- [bhpt] [restartedMain] o.s.o.j.p.SpringPersistenceUnitInfo      : No LoadTimeWeaver setup: ignoring JPA class transformer
2024-11-17T18:01:57.409+07:00  INFO 18416 --- [bhpt] [restartedMain] com.zaxxer.hikari.HikariDataSource       : HikariPool-2 - Starting...
2024-11-17T18:01:58.508+07:00  INFO 18416 --- [bhpt] [restartedMain] com.zaxxer.hikari.pool.HikariPool        : HikariPool-2 - Added connection com.mysql.cj.jdbc.ConnectionImpl@165ebffd
2024-11-17T18:01:58.508+07:00  INFO 18416 --- [bhpt] [restartedMain] com.zaxxer.hikari.HikariDataSource       : HikariPool-2 - Start completed.
2024-11-17T18:02:00.415+07:00  INFO 18416 --- [bhpt] [restartedMain] j.LocalContainerEntityManagerFactoryBean : Initialized JPA EntityManagerFactory for persistence unit 'default'
2024-11-17T18:02:00.659+07:00  WARN 18416 --- [bhpt] [restartedMain] JpaBaseConfiguration$JpaWebConfiguration : spring.jpa.open-in-view is enabled by default. Therefore, database queries may be performed during view rendering. Explicitly configure spring.jpa.open-in-view to disable this warning
2024-11-17T18:02:00.777+07:00 DEBUG 18416 --- [bhpt] [restartedMain] s.w.s.m.m.a.RequestMappingHandlerMapping : 16 mappings in 'requestMappingHandlerMapping'
2024-11-17T18:02:00.824+07:00 DEBUG 18416 --- [bhpt] [restartedMain] o.s.w.s.handler.SimpleUrlHandlerMapping  : Patterns [/webjars/**, /**, /swagger-ui*/*swagger-initializer.js, /swagger-ui*/**, /explorer/**] in 'resourceHandlerMapping'
2024-11-17T18:02:00.841+07:00 DEBUG 18416 --- [bhpt] [restartedMain] s.w.s.m.m.a.RequestMappingHandlerAdapter : ControllerAdvice beans: 0 @ModelAttribute, 0 @InitBinder, 1 RequestBodyAdvice, 1 ResponseBodyAdvice
2024-11-17T18:02:00.849+07:00 DEBUG 18416 --- [bhpt] [restartedMain] .m.m.a.ExceptionHandlerExceptionResolver : ControllerAdvice beans: 2 @ExceptionHandler, 1 ResponseBodyAdvice
2024-11-17T18:02:00.866+07:00 DEBUG 18416 --- [bhpt] [restartedMain] .m.m.a.ExceptionHandlerExceptionResolver : ControllerAdvice beans: 2 @ExceptionHandler, 0 ResponseBodyAdvice
2024-11-17T18:02:00.996+07:00  INFO 18416 --- [bhpt] [restartedMain] o.s.b.d.a.OptionalLiveReloadServer       : LiveReload server is running on port 35729
2024-11-17T18:02:01.032+07:00  INFO 18416 --- [bhpt] [restartedMain] o.s.b.w.embedded.tomcat.TomcatWebServer  : Tomcat started on port 9998 (http) with context path '/'
2024-11-17T18:02:01.044+07:00  INFO 18416 --- [bhpt] [restartedMain] com.shop.bhpt.BhptApplication            : Started BhptApplication in 5.703 seconds (process running for 68.6)
2024-11-17T18:02:01.057+07:00  INFO 18416 --- [bhpt] [restartedMain] .ConditionEvaluationDeltaLoggingListener : Condition evaluation unchanged
2024-11-17T18:02:01.940+07:00  INFO 18416 --- [bhpt] [http-nio-9998-exec-1] o.a.c.c.C.[Tomcat-2].[localhost].[/]     : Initializing Spring DispatcherServlet 'dispatcherServlet'
2024-11-17T18:02:01.941+07:00  INFO 18416 --- [bhpt] [http-nio-9998-exec-1] o.s.web.servlet.DispatcherServlet        : Initializing Servlet 'dispatcherServlet'
2024-11-17T18:02:01.941+07:00 DEBUG 18416 --- [bhpt] [http-nio-9998-exec-1] o.s.web.servlet.DispatcherServlet        : Detected StandardServletMultipartResolver
2024-11-17T18:02:01.941+07:00 DEBUG 18416 --- [bhpt] [http-nio-9998-exec-1] o.s.web.servlet.DispatcherServlet        : Detected AcceptHeaderLocaleResolver
2024-11-17T18:02:01.941+07:00 DEBUG 18416 --- [bhpt] [http-nio-9998-exec-1] o.s.web.servlet.DispatcherServlet        : Detected FixedThemeResolver
2024-11-17T18:02:01.944+07:00 DEBUG 18416 --- [bhpt] [http-nio-9998-exec-1] o.s.web.servlet.DispatcherServlet        : Detected org.springframework.web.servlet.view.DefaultRequestToViewNameTranslator@53e5c0db
2024-11-17T18:02:01.945+07:00 DEBUG 18416 --- [bhpt] [http-nio-9998-exec-1] o.s.web.servlet.DispatcherServlet        : Detected org.springframework.web.servlet.support.SessionFlashMapManager@725069c5
2024-11-17T18:02:01.945+07:00 DEBUG 18416 --- [bhpt] [http-nio-9998-exec-1] o.s.web.servlet.DispatcherServlet        : enableLoggingRequestDetails='false': request parameters and headers will be masked to prevent unsafe logging of potentially sensitive data
2024-11-17T18:02:01.946+07:00  INFO 18416 --- [bhpt] [http-nio-9998-exec-1] o.s.web.servlet.DispatcherServlet        : Completed initialization in 5 ms
2024-11-17T18:02:01.946+07:00 DEBUG 18416 --- [bhpt] [http-nio-9998-exec-1] o.s.web.servlet.DispatcherServlet        : GET "/api/shop/all", parameters={}
2024-11-17T18:02:01.947+07:00 DEBUG 18416 --- [bhpt] [http-nio-9998-exec-1] s.w.s.m.m.a.RequestMappingHandlerMapping : Mapped to com.shop.bhpt.controllers.ShopController#getAllCategories()
2024-11-17T18:02:02.266+07:00 DEBUG 18416 --- [bhpt] [http-nio-9998-exec-1] org.hibernate.SQL                        : 
    select
        c1_0.id,
        c1_0.name 
    from
        categories c1_0
2024-11-17T18:02:02.366+07:00 DEBUG 18416 --- [bhpt] [http-nio-9998-exec-1] org.hibernate.SQL                        : 
    select
        s1_0.category_id,
        s1_0.id,
        s1_0.img,
        s1_0.name 
    from
        subcategories s1_0 
    where
        s1_0.category_id=?
2024-11-17T18:02:02.465+07:00 DEBUG 18416 --- [bhpt] [http-nio-9998-exec-1] org.hibernate.SQL                        : 
    select
        s1_0.category_id,
        s1_0.id,
        s1_0.img,
        s1_0.name 
    from
        subcategories s1_0 
    where
        s1_0.category_id=?
2024-11-17T18:02:02.561+07:00 DEBUG 18416 --- [bhpt] [http-nio-9998-exec-1] org.hibernate.SQL                        : 
    select
        s1_0.category_id,
        s1_0.id,
        s1_0.img,
        s1_0.name 
    from
        subcategories s1_0 
    where
        s1_0.category_id=?
2024-11-17T18:02:02.658+07:00 DEBUG 18416 --- [bhpt] [http-nio-9998-exec-1] org.hibernate.SQL                        : 
    select
        s1_0.category_id,
        s1_0.id,
        s1_0.img,
        s1_0.name 
    from
        subcategories s1_0 
    where
        s1_0.category_id=?
2024-11-17T18:02:02.756+07:00 DEBUG 18416 --- [bhpt] [http-nio-9998-exec-1] org.hibernate.SQL                        : 
    select
        s1_0.category_id,
        s1_0.id,
        s1_0.img,
        s1_0.name 
    from
        subcategories s1_0 
    where
        s1_0.category_id=?
2024-11-17T18:02:02.853+07:00 DEBUG 18416 --- [bhpt] [http-nio-9998-exec-1] org.hibernate.SQL                        : 
    select
        s1_0.category_id,
        s1_0.id,
        s1_0.img,
        s1_0.name 
    from
        subcategories s1_0 
    where
        s1_0.category_id=?
2024-11-17T18:02:03.239+07:00 DEBUG 18416 --- [bhpt] [http-nio-9998-exec-1] m.m.a.RequestResponseBodyMethodProcessor : Using 'application/json', given [*/*] and supported [application/json, application/*+json]
2024-11-17T18:02:03.240+07:00 DEBUG 18416 --- [bhpt] [http-nio-9998-exec-1] m.m.a.RequestResponseBodyMethodProcessor : Writing [[com.shop.bhpt.dto.CategoryDTO@78cc77e9, com.shop.bhpt.dto.CategoryDTO@c61ba00, com.shop.bhpt.dto.Ca (truncated)...]
2024-11-17T18:02:03.251+07:00 DEBUG 18416 --- [bhpt] [http-nio-9998-exec-1] o.s.web.servlet.DispatcherServlet        : Completed 200 OK
2024-11-17T18:03:56.702+07:00 DEBUG 18416 --- [bhpt] [http-nio-9998-exec-3] o.s.web.servlet.DispatcherServlet        : GET "/api/items", parameters={}
2024-11-17T18:03:56.702+07:00 DEBUG 18416 --- [bhpt] [http-nio-9998-exec-3] s.w.s.m.m.a.RequestMappingHandlerMapping : Mapped to com.shop.bhpt.controllers.ItemController#getAllItems()
2024-11-17T18:03:56.996+07:00 DEBUG 18416 --- [bhpt] [http-nio-9998-exec-3] org.hibernate.SQL                        : 
    select
        i1_0.id,
        i1_0.discount,
        i1_0.name,
        i1_0.price,
        i1_0.sold,
        i1_0.subcategory_id 
    from
        items i1_0
2024-11-17T18:03:57.101+07:00 DEBUG 18416 --- [bhpt] [http-nio-9998-exec-3] org.hibernate.SQL                        : 
    select
        s1_0.id,
        c1_0.id,
        c1_0.name,
        s1_0.img,
        s1_0.name 
    from
        subcategories s1_0 
    left join
        categories c1_0 
            on c1_0.id=s1_0.category_id 
    where
        s1_0.id=?
2024-11-17T18:03:57.204+07:00 DEBUG 18416 --- [bhpt] [http-nio-9998-exec-3] org.hibernate.SQL                        : 
    select
        s1_0.id,
        c1_0.id,
        c1_0.name,
        s1_0.img,
        s1_0.name 
    from
        subcategories s1_0 
    left join
        categories c1_0 
            on c1_0.id=s1_0.category_id 
    where
        s1_0.id=?
2024-11-17T18:03:57.303+07:00 DEBUG 18416 --- [bhpt] [http-nio-9998-exec-3] org.hibernate.SQL                        : 
    select
        s1_0.id,
        c1_0.id,
        c1_0.name,
        s1_0.img,
        s1_0.name 
    from
        subcategories s1_0 
    left join
        categories c1_0 
            on c1_0.id=s1_0.category_id 
    where
        s1_0.id=?
2024-11-17T18:03:57.401+07:00 DEBUG 18416 --- [bhpt] [http-nio-9998-exec-3] org.hibernate.SQL                        : 
    select
        s1_0.id,
        c1_0.id,
        c1_0.name,
        s1_0.img,
        s1_0.name 
    from
        subcategories s1_0 
    left join
        categories c1_0 
            on c1_0.id=s1_0.category_id 
    where
        s1_0.id=?
2024-11-17T18:03:57.500+07:00 DEBUG 18416 --- [bhpt] [http-nio-9998-exec-3] org.hibernate.SQL                        : 
    select
        s1_0.id,
        c1_0.id,
        c1_0.name,
        s1_0.img,
        s1_0.name 
    from
        subcategories s1_0 
    left join
        categories c1_0 
            on c1_0.id=s1_0.category_id 
    where
        s1_0.id=?
2024-11-17T18:03:57.598+07:00 DEBUG 18416 --- [bhpt] [http-nio-9998-exec-3] org.hibernate.SQL                        : 
    select
        s1_0.category_id,
        s1_0.id,
        s1_0.img,
        s1_0.name 
    from
        subcategories s1_0 
    where
        s1_0.category_id=?
2024-11-17T18:03:57.696+07:00 DEBUG 18416 --- [bhpt] [http-nio-9998-exec-3] org.hibernate.SQL                        : 
    select
        s1_0.category_id,
        s1_0.id,
        s1_0.img,
        s1_0.name 
    from
        subcategories s1_0 
    where
        s1_0.category_id=?
2024-11-17T18:03:57.793+07:00 DEBUG 18416 --- [bhpt] [http-nio-9998-exec-3] org.hibernate.SQL                        : 
    select
        s1_0.category_id,
        s1_0.id,
        s1_0.img,
        s1_0.name 
    from
        subcategories s1_0 
    where
        s1_0.category_id=?
2024-11-17T18:03:58.184+07:00 DEBUG 18416 --- [bhpt] [http-nio-9998-exec-3] m.m.a.RequestResponseBodyMethodProcessor : Using 'application/json;q=0.8', given [text/html, application/xhtml+xml, image/avif, image/webp, image/apng, application/xml;q=0.9, */*;q=0.8, application/signed-exchange;v=b3;q=0.7] and supported [application/json, application/*+json]
2024-11-17T18:03:58.185+07:00 DEBUG 18416 --- [bhpt] [http-nio-9998-exec-3] m.m.a.RequestResponseBodyMethodProcessor : Writing [[com.shop.bhpt.entities.Item@4674169a, com.shop.bhpt.entities.Item@74adb273, com.shop.bhpt.entities. (truncated)...]
2024-11-17T18:03:58.196+07:00 DEBUG 18416 --- [bhpt] [http-nio-9998-exec-3] org.hibernate.SQL                        : 
    select
        c1_0.item_id,
        c1_0.color 
    from
        item_colors c1_0 
    where
        c1_0.item_id=?
2024-11-17T18:03:58.295+07:00 DEBUG 18416 --- [bhpt] [http-nio-9998-exec-3] org.hibernate.SQL                        : 
    select
        s1_0.item_id,
        s1_0.size 
    from
        item_sizes s1_0 
    where
        s1_0.item_id=?
2024-11-17T18:03:58.393+07:00 DEBUG 18416 --- [bhpt] [http-nio-9998-exec-3] org.hibernate.SQL                        : 
    select
        c1_0.item_id,
        c1_0.characteristic 
    from
        item_characteristics c1_0 
    where
        c1_0.item_id=?
2024-11-17T18:03:58.492+07:00 DEBUG 18416 --- [bhpt] [http-nio-9998-exec-3] org.hibernate.SQL                        : 
    select
        c1_0.item_id,
        c1_0.color 
    from
        item_colors c1_0 
    where
        c1_0.item_id=?
2024-11-17T18:03:58.590+07:00 DEBUG 18416 --- [bhpt] [http-nio-9998-exec-3] org.hibernate.SQL                        : 
    select
        s1_0.item_id,
        s1_0.size 
    from
        item_sizes s1_0 
    where
        s1_0.item_id=?
2024-11-17T18:03:58.688+07:00 DEBUG 18416 --- [bhpt] [http-nio-9998-exec-3] org.hibernate.SQL                        : 
    select
        c1_0.item_id,
        c1_0.characteristic 
    from
        item_characteristics c1_0 
    where
        c1_0.item_id=?
2024-11-17T18:03:58.787+07:00 DEBUG 18416 --- [bhpt] [http-nio-9998-exec-3] org.hibernate.SQL                        : 
    select
        c1_0.item_id,
        c1_0.color 
    from
        item_colors c1_0 
    where
        c1_0.item_id=?
2024-11-17T18:03:58.884+07:00 DEBUG 18416 --- [bhpt] [http-nio-9998-exec-3] org.hibernate.SQL                        : 
    select
        s1_0.item_id,
        s1_0.size 
    from
        item_sizes s1_0 
    where
        s1_0.item_id=?
2024-11-17T18:03:58.982+07:00 DEBUG 18416 --- [bhpt] [http-nio-9998-exec-3] org.hibernate.SQL                        : 
    select
        c1_0.item_id,
        c1_0.characteristic 
    from
        item_characteristics c1_0 
    where
        c1_0.item_id=?
2024-11-17T18:03:59.080+07:00 DEBUG 18416 --- [bhpt] [http-nio-9998-exec-3] org.hibernate.SQL                        : 
    select
        c1_0.item_id,
        c1_0.color 
    from
        item_colors c1_0 
    where
        c1_0.item_id=?
2024-11-17T18:03:59.177+07:00 DEBUG 18416 --- [bhpt] [http-nio-9998-exec-3] org.hibernate.SQL                        : 
    select
        s1_0.item_id,
        s1_0.size 
    from
        item_sizes s1_0 
    where
        s1_0.item_id=?
2024-11-17T18:03:59.275+07:00 DEBUG 18416 --- [bhpt] [http-nio-9998-exec-3] org.hibernate.SQL                        : 
    select
        c1_0.item_id,
        c1_0.characteristic 
    from
        item_characteristics c1_0 
    where
        c1_0.item_id=?
2024-11-17T18:03:59.373+07:00 DEBUG 18416 --- [bhpt] [http-nio-9998-exec-3] org.hibernate.SQL                        : 
    select
        c1_0.item_id,
        c1_0.color 
    from
        item_colors c1_0 
    where
        c1_0.item_id=?
2024-11-17T18:03:59.471+07:00 DEBUG 18416 --- [bhpt] [http-nio-9998-exec-3] org.hibernate.SQL                        : 
    select
        s1_0.item_id,
        s1_0.size 
    from
        item_sizes s1_0 
    where
        s1_0.item_id=?
2024-11-17T18:03:59.569+07:00 DEBUG 18416 --- [bhpt] [http-nio-9998-exec-3] org.hibernate.SQL                        : 
    select
        c1_0.item_id,
        c1_0.characteristic 
    from
        item_characteristics c1_0 
    where
        c1_0.item_id=?
2024-11-17T18:03:59.667+07:00 DEBUG 18416 --- [bhpt] [http-nio-9998-exec-3] org.hibernate.SQL                        : 
    select
        c1_0.item_id,
        c1_0.color 
    from
        item_colors c1_0 
    where
        c1_0.item_id=?
2024-11-17T18:03:59.764+07:00 DEBUG 18416 --- [bhpt] [http-nio-9998-exec-3] org.hibernate.SQL                        : 
    select
        s1_0.item_id,
        s1_0.size 
    from
        item_sizes s1_0 
    where
        s1_0.item_id=?
2024-11-17T18:03:59.862+07:00 DEBUG 18416 --- [bhpt] [http-nio-9998-exec-3] org.hibernate.SQL                        : 
    select
        c1_0.item_id,
        c1_0.characteristic 
    from
        item_characteristics c1_0 
    where
        c1_0.item_id=?
2024-11-17T18:03:59.961+07:00 DEBUG 18416 --- [bhpt] [http-nio-9998-exec-3] org.hibernate.SQL                        : 
    select
        c1_0.item_id,
        c1_0.color 
    from
        item_colors c1_0 
    where
        c1_0.item_id=?
2024-11-17T18:04:00.059+07:00 DEBUG 18416 --- [bhpt] [http-nio-9998-exec-3] org.hibernate.SQL                        : 
    select
        s1_0.item_id,
        s1_0.size 
    from
        item_sizes s1_0 
    where
        s1_0.item_id=?
2024-11-17T18:04:00.156+07:00 DEBUG 18416 --- [bhpt] [http-nio-9998-exec-3] org.hibernate.SQL                        : 
    select
        c1_0.item_id,
        c1_0.characteristic 
    from
        item_characteristics c1_0 
    where
        c1_0.item_id=?
2024-11-17T18:04:00.253+07:00 DEBUG 18416 --- [bhpt] [http-nio-9998-exec-3] org.hibernate.SQL                        : 
    select
        c1_0.item_id,
        c1_0.color 
    from
        item_colors c1_0 
    where
        c1_0.item_id=?
2024-11-17T18:04:00.352+07:00 DEBUG 18416 --- [bhpt] [http-nio-9998-exec-3] org.hibernate.SQL                        : 
    select
        s1_0.item_id,
        s1_0.size 
    from
        item_sizes s1_0 
    where
        s1_0.item_id=?
2024-11-17T18:04:00.449+07:00 DEBUG 18416 --- [bhpt] [http-nio-9998-exec-3] org.hibernate.SQL                        : 
    select
        c1_0.item_id,
        c1_0.characteristic 
    from
        item_characteristics c1_0 
    where
        c1_0.item_id=?
2024-11-17T18:04:00.546+07:00 DEBUG 18416 --- [bhpt] [http-nio-9998-exec-3] org.hibernate.SQL                        : 
    select
        c1_0.item_id,
        c1_0.color 
    from
        item_colors c1_0 
    where
        c1_0.item_id=?
2024-11-17T18:04:00.645+07:00 DEBUG 18416 --- [bhpt] [http-nio-9998-exec-3] org.hibernate.SQL                        : 
    select
        s1_0.item_id,
        s1_0.size 
    from
        item_sizes s1_0 
    where
        s1_0.item_id=?
2024-11-17T18:04:00.742+07:00 DEBUG 18416 --- [bhpt] [http-nio-9998-exec-3] org.hibernate.SQL                        : 
    select
        c1_0.item_id,
        c1_0.characteristic 
    from
        item_characteristics c1_0 
    where
        c1_0.item_id=?
2024-11-17T18:04:00.839+07:00 DEBUG 18416 --- [bhpt] [http-nio-9998-exec-3] org.hibernate.SQL                        : 
    select
        c1_0.item_id,
        c1_0.color 
    from
        item_colors c1_0 
    where
        c1_0.item_id=?
2024-11-17T18:04:00.938+07:00 DEBUG 18416 --- [bhpt] [http-nio-9998-exec-3] org.hibernate.SQL                        : 
    select
        s1_0.item_id,
        s1_0.size 
    from
        item_sizes s1_0 
    where
        s1_0.item_id=?
2024-11-17T18:04:01.038+07:00 DEBUG 18416 --- [bhpt] [http-nio-9998-exec-3] org.hibernate.SQL                        : 
    select
        c1_0.item_id,
        c1_0.characteristic 
    from
        item_characteristics c1_0 
    where
        c1_0.item_id=?
2024-11-17T18:04:01.137+07:00 DEBUG 18416 --- [bhpt] [http-nio-9998-exec-3] org.hibernate.SQL                        : 
    select
        c1_0.item_id,
        c1_0.color 
    from
        item_colors c1_0 
    where
        c1_0.item_id=?
2024-11-17T18:04:01.234+07:00 DEBUG 18416 --- [bhpt] [http-nio-9998-exec-3] org.hibernate.SQL                        : 
    select
        s1_0.item_id,
        s1_0.size 
    from
        item_sizes s1_0 
    where
        s1_0.item_id=?
2024-11-17T18:04:01.335+07:00 DEBUG 18416 --- [bhpt] [http-nio-9998-exec-3] org.hibernate.SQL                        : 
    select
        c1_0.item_id,
        c1_0.characteristic 
    from
        item_characteristics c1_0 
    where
        c1_0.item_id=?
2024-11-17T18:04:01.432+07:00 DEBUG 18416 --- [bhpt] [http-nio-9998-exec-3] org.hibernate.SQL                        : 
    select
        c1_0.item_id,
        c1_0.color 
    from
        item_colors c1_0 
    where
        c1_0.item_id=?
2024-11-17T18:04:01.530+07:00 DEBUG 18416 --- [bhpt] [http-nio-9998-exec-3] org.hibernate.SQL                        : 
    select
        s1_0.item_id,
        s1_0.size 
    from
        item_sizes s1_0 
    where
        s1_0.item_id=?
2024-11-17T18:04:01.627+07:00 DEBUG 18416 --- [bhpt] [http-nio-9998-exec-3] org.hibernate.SQL                        : 
    select
        c1_0.item_id,
        c1_0.characteristic 
    from
        item_characteristics c1_0 
    where
        c1_0.item_id=?
2024-11-17T18:04:01.724+07:00 DEBUG 18416 --- [bhpt] [http-nio-9998-exec-3] org.hibernate.SQL                        : 
    select
        c1_0.item_id,
        c1_0.color 
    from
        item_colors c1_0 
    where
        c1_0.item_id=?
2024-11-17T18:04:01.822+07:00 DEBUG 18416 --- [bhpt] [http-nio-9998-exec-3] org.hibernate.SQL                        : 
    select
        s1_0.item_id,
        s1_0.size 
    from
        item_sizes s1_0 
    where
        s1_0.item_id=?
2024-11-17T18:04:01.927+07:00 DEBUG 18416 --- [bhpt] [http-nio-9998-exec-3] org.hibernate.SQL                        : 
    select
        c1_0.item_id,
        c1_0.characteristic 
    from
        item_characteristics c1_0 
    where
        c1_0.item_id=?
2024-11-17T18:04:02.028+07:00 DEBUG 18416 --- [bhpt] [http-nio-9998-exec-3] org.hibernate.SQL                        : 
    select
        c1_0.item_id,
        c1_0.color 
    from
        item_colors c1_0 
    where
        c1_0.item_id=?
2024-11-17T18:04:02.132+07:00 DEBUG 18416 --- [bhpt] [http-nio-9998-exec-3] org.hibernate.SQL                        : 
    select
        s1_0.item_id,
        s1_0.size 
    from
        item_sizes s1_0 
    where
        s1_0.item_id=?
2024-11-17T18:04:02.230+07:00 DEBUG 18416 --- [bhpt] [http-nio-9998-exec-3] org.hibernate.SQL                        : 
    select
        c1_0.item_id,
        c1_0.characteristic 
    from
        item_characteristics c1_0 
    where
        c1_0.item_id=?
2024-11-17T18:04:02.328+07:00 DEBUG 18416 --- [bhpt] [http-nio-9998-exec-3] org.hibernate.SQL                        : 
    select
        c1_0.item_id,
        c1_0.color 
    from
        item_colors c1_0 
    where
        c1_0.item_id=?
2024-11-17T18:04:02.427+07:00 DEBUG 18416 --- [bhpt] [http-nio-9998-exec-3] org.hibernate.SQL                        : 
    select
        s1_0.item_id,
        s1_0.size 
    from
        item_sizes s1_0 
    where
        s1_0.item_id=?
2024-11-17T18:04:02.527+07:00 DEBUG 18416 --- [bhpt] [http-nio-9998-exec-3] org.hibernate.SQL                        : 
    select
        c1_0.item_id,
        c1_0.characteristic 
    from
        item_characteristics c1_0 
    where
        c1_0.item_id=?
2024-11-17T18:04:02.624+07:00 DEBUG 18416 --- [bhpt] [http-nio-9998-exec-3] org.hibernate.SQL                        : 
    select
        c1_0.item_id,
        c1_0.color 
    from
        item_colors c1_0 
    where
        c1_0.item_id=?
2024-11-17T18:04:02.722+07:00 DEBUG 18416 --- [bhpt] [http-nio-9998-exec-3] org.hibernate.SQL                        : 
    select
        s1_0.item_id,
        s1_0.size 
    from
        item_sizes s1_0 
    where
        s1_0.item_id=?
2024-11-17T18:04:02.819+07:00 DEBUG 18416 --- [bhpt] [http-nio-9998-exec-3] org.hibernate.SQL                        : 
    select
        c1_0.item_id,
        c1_0.characteristic 
    from
        item_characteristics c1_0 
    where
        c1_0.item_id=?
2024-11-17T18:04:02.916+07:00 DEBUG 18416 --- [bhpt] [http-nio-9998-exec-3] org.hibernate.SQL                        : 
    select
        c1_0.item_id,
        c1_0.color 
    from
        item_colors c1_0 
    where
        c1_0.item_id=?
2024-11-17T18:04:03.013+07:00 DEBUG 18416 --- [bhpt] [http-nio-9998-exec-3] org.hibernate.SQL                        : 
    select
        s1_0.item_id,
        s1_0.size 
    from
        item_sizes s1_0 
    where
        s1_0.item_id=?
2024-11-17T18:04:03.111+07:00 DEBUG 18416 --- [bhpt] [http-nio-9998-exec-3] org.hibernate.SQL                        : 
    select
        c1_0.item_id,
        c1_0.characteristic 
    from
        item_characteristics c1_0 
    where
        c1_0.item_id=?
2024-11-17T18:04:03.212+07:00 DEBUG 18416 --- [bhpt] [http-nio-9998-exec-3] org.hibernate.SQL                        : 
    select
        c1_0.item_id,
        c1_0.color 
    from
        item_colors c1_0 
    where
        c1_0.item_id=?
2024-11-17T18:04:03.310+07:00 DEBUG 18416 --- [bhpt] [http-nio-9998-exec-3] org.hibernate.SQL                        : 
    select
        s1_0.item_id,
        s1_0.size 
    from
        item_sizes s1_0 
    where
        s1_0.item_id=?
2024-11-17T18:04:03.407+07:00 DEBUG 18416 --- [bhpt] [http-nio-9998-exec-3] org.hibernate.SQL                        : 
    select
        c1_0.item_id,
        c1_0.characteristic 
    from
        item_characteristics c1_0 
    where
        c1_0.item_id=?
2024-11-17T18:04:03.507+07:00 DEBUG 18416 --- [bhpt] [http-nio-9998-exec-3] org.hibernate.SQL                        : 
    select
        c1_0.item_id,
        c1_0.color 
    from
        item_colors c1_0 
    where
        c1_0.item_id=?
2024-11-17T18:04:03.608+07:00 DEBUG 18416 --- [bhpt] [http-nio-9998-exec-3] org.hibernate.SQL                        : 
    select
        s1_0.item_id,
        s1_0.size 
    from
        item_sizes s1_0 
    where
        s1_0.item_id=?
2024-11-17T18:04:03.708+07:00 DEBUG 18416 --- [bhpt] [http-nio-9998-exec-3] org.hibernate.SQL                        : 
    select
        c1_0.item_id,
        c1_0.characteristic 
    from
        item_characteristics c1_0 
    where
        c1_0.item_id=?
2024-11-17T18:04:03.808+07:00 DEBUG 18416 --- [bhpt] [http-nio-9998-exec-3] o.s.web.servlet.DispatcherServlet        : Completed 200 OK
2024-11-17T18:04:04.121+07:00 DEBUG 18416 --- [bhpt] [http-nio-9998-exec-4] o.s.web.servlet.DispatcherServlet        : GET "/favicon.ico", parameters={}
2024-11-17T18:04:04.130+07:00 DEBUG 18416 --- [bhpt] [http-nio-9998-exec-4] o.s.w.s.handler.SimpleUrlHandlerMapping  : Mapped to ResourceHttpRequestHandler [classpath [META-INF/resources/], classpath [resources/], classpath [static/], classpath [public/], ServletContext [/]]
2024-11-17T18:04:04.132+07:00 DEBUG 18416 --- [bhpt] [http-nio-9998-exec-4] o.s.w.s.r.ResourceHttpRequestHandler     : Resource not found
2024-11-17T18:04:04.134+07:00 DEBUG 18416 --- [bhpt] [http-nio-9998-exec-4] .w.s.m.s.DefaultHandlerExceptionResolver : Resolved [org.springframework.web.servlet.resource.NoResourceFoundException: No static resource favicon.ico.]
2024-11-17T18:04:04.134+07:00 DEBUG 18416 --- [bhpt] [http-nio-9998-exec-4] o.s.web.servlet.DispatcherServlet        : Completed 404 NOT_FOUND
2024-11-17T18:04:04.140+07:00 DEBUG 18416 --- [bhpt] [http-nio-9998-exec-4] o.s.web.servlet.DispatcherServlet        : "ERROR" dispatch for GET "/error", parameters={}
2024-11-17T18:04:04.142+07:00 DEBUG 18416 --- [bhpt] [http-nio-9998-exec-4] s.w.s.m.m.a.RequestMappingHandlerMapping : Mapped to org.springframework.boot.autoconfigure.web.servlet.error.BasicErrorController#error(HttpServletRequest)
2024-11-17T18:04:04.153+07:00 DEBUG 18416 --- [bhpt] [http-nio-9998-exec-4] o.s.w.s.m.m.a.HttpEntityMethodProcessor  : Using 'application/json;q=0.8', given [image/avif, image/webp, image/apng, image/svg+xml, image/*, */*;q=0.8] and supported [application/json, application/*+json]
2024-11-17T18:04:04.154+07:00 DEBUG 18416 --- [bhpt] [http-nio-9998-exec-4] o.s.w.s.m.m.a.HttpEntityMethodProcessor  : Writing [{timestamp=Sun Nov 17 18:04:04 ICT 2024, status=404, error=Not Found, trace=org.springframework.web. (truncated)...]
2024-11-17T18:04:04.168+07:00 DEBUG 18416 --- [bhpt] [http-nio-9998-exec-4] o.s.web.servlet.DispatcherServlet        : Exiting from "ERROR" dispatch, status 404
2024-11-17T18:06:59.124+07:00  INFO 18416 --- [bhpt] [RMI TCP Connection(18)-127.0.0.1] inMXBeanRegistrar$SpringApplicationAdmin : Application shutdown requested.
2024-11-17T18:06:59.132+07:00  INFO 18416 --- [bhpt] [RMI TCP Connection(18)-127.0.0.1] j.LocalContainerEntityManagerFactoryBean : Closing JPA EntityManagerFactory for persistence unit 'default'
2024-11-17T18:06:59.133+07:00  INFO 18416 --- [bhpt] [RMI TCP Connection(18)-127.0.0.1] com.zaxxer.hikari.HikariDataSource       : HikariPool-2 - Shutdown initiated...
2024-11-17T18:07:00.044+07:00  INFO 18416 --- [bhpt] [RMI TCP Connection(18)-127.0.0.1] com.zaxxer.hikari.HikariDataSource       : HikariPool-2 - Shutdown completed.
2024-11-17T18:19:48.594+07:00  INFO 10484 --- [bhpt] [restartedMain] com.shop.bhpt.BhptApplication            : Starting BhptApplication using Java 21.0.4 with PID 10484 (D:\A.N4K1\JAVA(WWW)\DOAN\ShopBHPT\target\classes started by admin in D:\A.N4K1\JAVA(WWW)\DOAN\ShopBHPT)
2024-11-17T18:19:48.596+07:00 DEBUG 10484 --- [bhpt] [restartedMain] com.shop.bhpt.BhptApplication            : Running with Spring Boot v3.3.5, Spring v6.1.14
2024-11-17T18:19:48.597+07:00  INFO 10484 --- [bhpt] [restartedMain] com.shop.bhpt.BhptApplication            : No active profile set, falling back to 1 default profile: "default"
2024-11-17T18:19:48.639+07:00  INFO 10484 --- [bhpt] [restartedMain] .e.DevToolsPropertyDefaultsPostProcessor : Devtools property defaults active! Set 'spring.devtools.add-properties' to 'false' to disable
2024-11-17T18:19:48.640+07:00  INFO 10484 --- [bhpt] [restartedMain] .e.DevToolsPropertyDefaultsPostProcessor : For additional web related logging consider setting the 'logging.level.web' property to 'DEBUG'
2024-11-17T18:19:49.520+07:00  INFO 10484 --- [bhpt] [restartedMain] .s.d.r.c.RepositoryConfigurationDelegate : Bootstrapping Spring Data JPA repositories in DEFAULT mode.
2024-11-17T18:19:49.579+07:00  INFO 10484 --- [bhpt] [restartedMain] .s.d.r.c.RepositoryConfigurationDelegate : Finished Spring Data repository scanning in 48 ms. Found 3 JPA repository interfaces.
2024-11-17T18:19:50.102+07:00  INFO 10484 --- [bhpt] [restartedMain] o.s.b.w.embedded.tomcat.TomcatWebServer  : Tomcat initialized with port 9998 (http)
2024-11-17T18:19:50.116+07:00  INFO 10484 --- [bhpt] [restartedMain] o.apache.catalina.core.StandardService   : Starting service [Tomcat]
2024-11-17T18:19:50.116+07:00  INFO 10484 --- [bhpt] [restartedMain] o.apache.catalina.core.StandardEngine    : Starting Servlet engine: [Apache Tomcat/10.1.31]
2024-11-17T18:19:50.161+07:00  INFO 10484 --- [bhpt] [restartedMain] o.a.c.c.C.[Tomcat].[localhost].[/]       : Initializing Spring embedded WebApplicationContext
2024-11-17T18:19:50.161+07:00  INFO 10484 --- [bhpt] [restartedMain] w.s.c.ServletWebServerApplicationContext : Root WebApplicationContext: initialization completed in 1520 ms
2024-11-17T18:19:50.605+07:00  INFO 10484 --- [bhpt] [restartedMain] o.s.o.j.p.SpringPersistenceUnitInfo      : No LoadTimeWeaver setup: ignoring JPA class transformer
2024-11-17T18:19:50.633+07:00  INFO 10484 --- [bhpt] [restartedMain] com.zaxxer.hikari.HikariDataSource       : HikariPool-1 - Starting...
2024-11-17T18:19:51.958+07:00  INFO 10484 --- [bhpt] [restartedMain] com.zaxxer.hikari.pool.HikariPool        : HikariPool-1 - Added connection com.mysql.cj.jdbc.ConnectionImpl@5d03b835
2024-11-17T18:19:51.960+07:00  INFO 10484 --- [bhpt] [restartedMain] com.zaxxer.hikari.HikariDataSource       : HikariPool-1 - Start completed.
2024-11-17T18:19:54.983+07:00  INFO 10484 --- [bhpt] [restartedMain] j.LocalContainerEntityManagerFactoryBean : Initialized JPA EntityManagerFactory for persistence unit 'default'
2024-11-17T18:19:55.289+07:00  WARN 10484 --- [bhpt] [restartedMain] ConfigServletWebServerApplicationContext : Exception encountered during context initialization - cancelling refresh attempt: org.springframework.beans.factory.UnsatisfiedDependencyException: Error creating bean with name 'itemController': Unsatisfied dependency expressed through field 'itemRepository': Error creating bean with name 'itemRepository' defined in com.shop.bhpt.repositories.ItemRepository defined in @EnableJpaRepositories declared on JpaRepositoriesRegistrar.EnableJpaRepositoriesConfiguration: Could not create query for public abstract java.util.List com.shop.bhpt.repositories.ItemRepository.findBySubcategoryId(java.lang.Long); Reason: Failed to create query for method public abstract java.util.List com.shop.bhpt.repositories.ItemRepository.findBySubcategoryId(java.lang.Long); Could not resolve attribute 'subcategoryId' of 'com.shop.bhpt.entities.Item'
2024-11-17T18:19:55.289+07:00  INFO 10484 --- [bhpt] [restartedMain] j.LocalContainerEntityManagerFactoryBean : Closing JPA EntityManagerFactory for persistence unit 'default'
2024-11-17T18:19:55.292+07:00  INFO 10484 --- [bhpt] [restartedMain] com.zaxxer.hikari.HikariDataSource       : HikariPool-1 - Shutdown initiated...
2024-11-17T18:19:55.768+07:00  INFO 10484 --- [bhpt] [restartedMain] com.zaxxer.hikari.HikariDataSource       : HikariPool-1 - Shutdown completed.
2024-11-17T18:19:55.772+07:00  INFO 10484 --- [bhpt] [restartedMain] o.apache.catalina.core.StandardService   : Stopping service [Tomcat]
2024-11-17T18:19:55.792+07:00  INFO 10484 --- [bhpt] [restartedMain] .s.b.a.l.ConditionEvaluationReportLogger : 

Error starting ApplicationContext. To display the condition evaluation report re-run your application with 'debug' enabled.
2024-11-17T18:19:55.821+07:00 ERROR 10484 --- [bhpt] [restartedMain] o.s.boot.SpringApplication               : Application run failed

org.springframework.beans.factory.UnsatisfiedDependencyException: Error creating bean with name 'itemController': Unsatisfied dependency expressed through field 'itemRepository': Error creating bean with name 'itemRepository' defined in com.shop.bhpt.repositories.ItemRepository defined in @EnableJpaRepositories declared on JpaRepositoriesRegistrar.EnableJpaRepositoriesConfiguration: Could not create query for public abstract java.util.List com.shop.bhpt.repositories.ItemRepository.findBySubcategoryId(java.lang.Long); Reason: Failed to create query for method public abstract java.util.List com.shop.bhpt.repositories.ItemRepository.findBySubcategoryId(java.lang.Long); Could not resolve attribute 'subcategoryId' of 'com.shop.bhpt.entities.Item'
	at org.springframework.beans.factory.annotation.AutowiredAnnotationBeanPostProcessor$AutowiredFieldElement.resolveFieldValue(AutowiredAnnotationBeanPostProcessor.java:788) ~[spring-beans-6.1.14.jar:6.1.14]
	at org.springframework.beans.factory.annotation.AutowiredAnnotationBeanPostProcessor$AutowiredFieldElement.inject(AutowiredAnnotationBeanPostProcessor.java:768) ~[spring-beans-6.1.14.jar:6.1.14]
	at org.springframework.beans.factory.annotation.InjectionMetadata.inject(InjectionMetadata.java:145) ~[spring-beans-6.1.14.jar:6.1.14]
	at org.springframework.beans.factory.annotation.AutowiredAnnotationBeanPostProcessor.postProcessProperties(AutowiredAnnotationBeanPostProcessor.java:509) ~[spring-beans-6.1.14.jar:6.1.14]
	at org.springframework.beans.factory.support.AbstractAutowireCapableBeanFactory.populateBean(AbstractAutowireCapableBeanFactory.java:1439) ~[spring-beans-6.1.14.jar:6.1.14]
	at org.springframework.beans.factory.support.AbstractAutowireCapableBeanFactory.doCreateBean(AbstractAutowireCapableBeanFactory.java:599) ~[spring-beans-6.1.14.jar:6.1.14]
	at org.springframework.beans.factory.support.AbstractAutowireCapableBeanFactory.createBean(AbstractAutowireCapableBeanFactory.java:522) ~[spring-beans-6.1.14.jar:6.1.14]
	at org.springframework.beans.factory.support.AbstractBeanFactory.lambda$doGetBean$0(AbstractBeanFactory.java:337) ~[spring-beans-6.1.14.jar:6.1.14]
	at org.springframework.beans.factory.support.DefaultSingletonBeanRegistry.getSingleton(DefaultSingletonBeanRegistry.java:234) ~[spring-beans-6.1.14.jar:6.1.14]
	at org.springframework.beans.factory.support.AbstractBeanFactory.doGetBean(AbstractBeanFactory.java:335) ~[spring-beans-6.1.14.jar:6.1.14]
	at org.springframework.beans.factory.support.AbstractBeanFactory.getBean(AbstractBeanFactory.java:200) ~[spring-beans-6.1.14.jar:6.1.14]
	at org.springframework.beans.factory.support.DefaultListableBeanFactory.preInstantiateSingletons(DefaultListableBeanFactory.java:975) ~[spring-beans-6.1.14.jar:6.1.14]
	at org.springframework.context.support.AbstractApplicationContext.finishBeanFactoryInitialization(AbstractApplicationContext.java:971) ~[spring-context-6.1.14.jar:6.1.14]
	at org.springframework.context.support.AbstractApplicationContext.refresh(AbstractApplicationContext.java:625) ~[spring-context-6.1.14.jar:6.1.14]
	at org.springframework.boot.web.servlet.context.ServletWebServerApplicationContext.refresh(ServletWebServerApplicationContext.java:146) ~[spring-boot-3.3.5.jar:3.3.5]
	at org.springframework.boot.SpringApplication.refresh(SpringApplication.java:754) ~[spring-boot-3.3.5.jar:3.3.5]
	at org.springframework.boot.SpringApplication.refreshContext(SpringApplication.java:456) ~[spring-boot-3.3.5.jar:3.3.5]
	at org.springframework.boot.SpringApplication.run(SpringApplication.java:335) ~[spring-boot-3.3.5.jar:3.3.5]
	at org.springframework.boot.SpringApplication.run(SpringApplication.java:1363) ~[spring-boot-3.3.5.jar:3.3.5]
	at org.springframework.boot.SpringApplication.run(SpringApplication.java:1352) ~[spring-boot-3.3.5.jar:3.3.5]
	at com.shop.bhpt.BhptApplication.main(BhptApplication.java:10) ~[classes/:na]
	at java.base/jdk.internal.reflect.DirectMethodHandleAccessor.invoke(DirectMethodHandleAccessor.java:103) ~[na:na]
	at java.base/java.lang.reflect.Method.invoke(Method.java:580) ~[na:na]
	at org.springframework.boot.devtools.restart.RestartLauncher.run(RestartLauncher.java:50) ~[spring-boot-devtools-3.3.5.jar:3.3.5]
Caused by: org.springframework.beans.factory.BeanCreationException: Error creating bean with name 'itemRepository' defined in com.shop.bhpt.repositories.ItemRepository defined in @EnableJpaRepositories declared on JpaRepositoriesRegistrar.EnableJpaRepositoriesConfiguration: Could not create query for public abstract java.util.List com.shop.bhpt.repositories.ItemRepository.findBySubcategoryId(java.lang.Long); Reason: Failed to create query for method public abstract java.util.List com.shop.bhpt.repositories.ItemRepository.findBySubcategoryId(java.lang.Long); Could not resolve attribute 'subcategoryId' of 'com.shop.bhpt.entities.Item'
	at org.springframework.beans.factory.support.AbstractAutowireCapableBeanFactory.initializeBean(AbstractAutowireCapableBeanFactory.java:1806) ~[spring-beans-6.1.14.jar:6.1.14]
	at org.springframework.beans.factory.support.AbstractAutowireCapableBeanFactory.doCreateBean(AbstractAutowireCapableBeanFactory.java:600) ~[spring-beans-6.1.14.jar:6.1.14]
	at org.springframework.beans.factory.support.AbstractAutowireCapableBeanFactory.createBean(AbstractAutowireCapableBeanFactory.java:522) ~[spring-beans-6.1.14.jar:6.1.14]
	at org.springframework.beans.factory.support.AbstractBeanFactory.lambda$doGetBean$0(AbstractBeanFactory.java:337) ~[spring-beans-6.1.14.jar:6.1.14]
	at org.springframework.beans.factory.support.DefaultSingletonBeanRegistry.getSingleton(DefaultSingletonBeanRegistry.java:234) ~[spring-beans-6.1.14.jar:6.1.14]
	at org.springframework.beans.factory.support.AbstractBeanFactory.doGetBean(AbstractBeanFactory.java:335) ~[spring-beans-6.1.14.jar:6.1.14]
	at org.springframework.beans.factory.support.AbstractBeanFactory.getBean(AbstractBeanFactory.java:200) ~[spring-beans-6.1.14.jar:6.1.14]
	at org.springframework.beans.factory.config.DependencyDescriptor.resolveCandidate(DependencyDescriptor.java:254) ~[spring-beans-6.1.14.jar:6.1.14]
	at org.springframework.beans.factory.support.DefaultListableBeanFactory.doResolveDependency(DefaultListableBeanFactory.java:1443) ~[spring-beans-6.1.14.jar:6.1.14]
	at org.springframework.beans.factory.support.DefaultListableBeanFactory.resolveDependency(DefaultListableBeanFactory.java:1353) ~[spring-beans-6.1.14.jar:6.1.14]
	at org.springframework.beans.factory.annotation.AutowiredAnnotationBeanPostProcessor$AutowiredFieldElement.resolveFieldValue(AutowiredAnnotationBeanPostProcessor.java:785) ~[spring-beans-6.1.14.jar:6.1.14]
	... 23 common frames omitted
Caused by: org.springframework.data.repository.query.QueryCreationException: Could not create query for public abstract java.util.List com.shop.bhpt.repositories.ItemRepository.findBySubcategoryId(java.lang.Long); Reason: Failed to create query for method public abstract java.util.List com.shop.bhpt.repositories.ItemRepository.findBySubcategoryId(java.lang.Long); Could not resolve attribute 'subcategoryId' of 'com.shop.bhpt.entities.Item'
	at org.springframework.data.repository.query.QueryCreationException.create(QueryCreationException.java:101) ~[spring-data-commons-3.3.5.jar:3.3.5]
	at org.springframework.data.repository.core.support.QueryExecutorMethodInterceptor.lookupQuery(QueryExecutorMethodInterceptor.java:119) ~[spring-data-commons-3.3.5.jar:3.3.5]
	at org.springframework.data.repository.core.support.QueryExecutorMethodInterceptor.mapMethodsToQuery(QueryExecutorMethodInterceptor.java:103) ~[spring-data-commons-3.3.5.jar:3.3.5]
	at org.springframework.data.repository.core.support.QueryExecutorMethodInterceptor.lambda$new$0(QueryExecutorMethodInterceptor.java:92) ~[spring-data-commons-3.3.5.jar:3.3.5]
	at java.base/java.util.Optional.map(Optional.java:260) ~[na:na]
	at org.springframework.data.repository.core.support.QueryExecutorMethodInterceptor.<init>(QueryExecutorMethodInterceptor.java:92) ~[spring-data-commons-3.3.5.jar:3.3.5]
	at org.springframework.data.repository.core.support.RepositoryFactorySupport.getRepository(RepositoryFactorySupport.java:357) ~[spring-data-commons-3.3.5.jar:3.3.5]
	at org.springframework.data.repository.core.support.RepositoryFactoryBeanSupport.lambda$afterPropertiesSet$5(RepositoryFactoryBeanSupport.java:290) ~[spring-data-commons-3.3.5.jar:3.3.5]
	at org.springframework.data.util.Lazy.getNullable(Lazy.java:135) ~[spring-data-commons-3.3.5.jar:3.3.5]
	at org.springframework.data.util.Lazy.get(Lazy.java:113) ~[spring-data-commons-3.3.5.jar:3.3.5]
	at org.springframework.data.repository.core.support.RepositoryFactoryBeanSupport.afterPropertiesSet(RepositoryFactoryBeanSupport.java:296) ~[spring-data-commons-3.3.5.jar:3.3.5]
	at org.springframework.data.jpa.repository.support.JpaRepositoryFactoryBean.afterPropertiesSet(JpaRepositoryFactoryBean.java:132) ~[spring-data-jpa-3.3.5.jar:3.3.5]
	at org.springframework.beans.factory.support.AbstractAutowireCapableBeanFactory.invokeInitMethods(AbstractAutowireCapableBeanFactory.java:1853) ~[spring-beans-6.1.14.jar:6.1.14]
	at org.springframework.beans.factory.support.AbstractAutowireCapableBeanFactory.initializeBean(AbstractAutowireCapableBeanFactory.java:1802) ~[spring-beans-6.1.14.jar:6.1.14]
	... 33 common frames omitted
Caused by: java.lang.IllegalArgumentException: Failed to create query for method public abstract java.util.List com.shop.bhpt.repositories.ItemRepository.findBySubcategoryId(java.lang.Long); Could not resolve attribute 'subcategoryId' of 'com.shop.bhpt.entities.Item'
	at org.springframework.data.jpa.repository.query.PartTreeJpaQuery.<init>(PartTreeJpaQuery.java:107) ~[spring-data-jpa-3.3.5.jar:3.3.5]
	at org.springframework.data.jpa.repository.query.JpaQueryLookupStrategy$CreateQueryLookupStrategy.resolveQuery(JpaQueryLookupStrategy.java:124) ~[spring-data-jpa-3.3.5.jar:3.3.5]
	at org.springframework.data.jpa.repository.query.JpaQueryLookupStrategy$CreateIfNotFoundQueryLookupStrategy.resolveQuery(JpaQueryLookupStrategy.java:258) ~[spring-data-jpa-3.3.5.jar:3.3.5]
	at org.springframework.data.jpa.repository.query.JpaQueryLookupStrategy$AbstractQueryLookupStrategy.resolveQuery(JpaQueryLookupStrategy.java:95) ~[spring-data-jpa-3.3.5.jar:3.3.5]
	at org.springframework.data.repository.core.support.QueryExecutorMethodInterceptor.lookupQuery(QueryExecutorMethodInterceptor.java:115) ~[spring-data-commons-3.3.5.jar:3.3.5]
	... 45 common frames omitted
Caused by: org.hibernate.query.sqm.PathElementException: Could not resolve attribute 'subcategoryId' of 'com.shop.bhpt.entities.Item'
	at org.hibernate.query.sqm.SqmPathSource.getSubPathSource(SqmPathSource.java:95) ~[hibernate-core-6.5.3.Final.jar:6.5.3.Final]
	at org.hibernate.query.sqm.tree.domain.AbstractSqmPath.get(AbstractSqmPath.java:196) ~[hibernate-core-6.5.3.Final.jar:6.5.3.Final]
	at org.hibernate.query.sqm.tree.domain.AbstractSqmPath.get(AbstractSqmPath.java:42) ~[hibernate-core-6.5.3.Final.jar:6.5.3.Final]
	at org.springframework.data.jpa.repository.query.QueryUtils.getModelForPath(QueryUtils.java:978) ~[spring-data-jpa-3.3.5.jar:3.3.5]
	at org.springframework.data.jpa.repository.query.QueryUtils.requiresOuterJoin(QueryUtils.java:835) ~[spring-data-jpa-3.3.5.jar:3.3.5]
	at org.springframework.data.jpa.repository.query.QueryUtils.toExpressionRecursively(QueryUtils.java:790) ~[spring-data-jpa-3.3.5.jar:3.3.5]
	at org.springframework.data.jpa.repository.query.QueryUtils.toExpressionRecursively(QueryUtils.java:769) ~[spring-data-jpa-3.3.5.jar:3.3.5]
	at org.springframework.data.jpa.repository.query.QueryUtils.toExpressionRecursively(QueryUtils.java:765) ~[spring-data-jpa-3.3.5.jar:3.3.5]
	at org.springframework.data.jpa.repository.query.JpaQueryCreator$PredicateBuilder.getTypedPath(JpaQueryCreator.java:387) ~[spring-data-jpa-3.3.5.jar:3.3.5]
	at org.springframework.data.jpa.repository.query.JpaQueryCreator$PredicateBuilder.build(JpaQueryCreator.java:310) ~[spring-data-jpa-3.3.5.jar:3.3.5]
	at org.springframework.data.jpa.repository.query.JpaQueryCreator.toPredicate(JpaQueryCreator.java:210) ~[spring-data-jpa-3.3.5.jar:3.3.5]
	at org.springframework.data.jpa.repository.query.JpaQueryCreator.create(JpaQueryCreator.java:121) ~[spring-data-jpa-3.3.5.jar:3.3.5]
	at org.springframework.data.jpa.repository.query.JpaQueryCreator.create(JpaQueryCreator.java:1) ~[spring-data-jpa-3.3.5.jar:3.3.5]
	at org.springframework.data.repository.query.parser.AbstractQueryCreator.createCriteria(AbstractQueryCreator.java:119) ~[spring-data-commons-3.3.5.jar:3.3.5]
	at org.springframework.data.repository.query.parser.AbstractQueryCreator.createQuery(AbstractQueryCreator.java:95) ~[spring-data-commons-3.3.5.jar:3.3.5]
	at org.springframework.data.repository.query.parser.AbstractQueryCreator.createQuery(AbstractQueryCreator.java:81) ~[spring-data-commons-3.3.5.jar:3.3.5]
	at org.springframework.data.jpa.repository.query.PartTreeJpaQuery$QueryPreparer.<init>(PartTreeJpaQuery.java:224) ~[spring-data-jpa-3.3.5.jar:3.3.5]
	at org.springframework.data.jpa.repository.query.PartTreeJpaQuery$CountQueryPreparer.<init>(PartTreeJpaQuery.java:370) ~[spring-data-jpa-3.3.5.jar:3.3.5]
	at org.springframework.data.jpa.repository.query.PartTreeJpaQuery.<init>(PartTreeJpaQuery.java:103) ~[spring-data-jpa-3.3.5.jar:3.3.5]
	... 49 common frames omitted

